<?xml version="1.0" encoding="UTF-8"?>
<!-- Generated by org.testng.reporters.JUnitReportReporter -->
<testsuite skipped="0" hostname="DESKTOP-VRP1FEM" name="Selenium.FindingElement.FindElementByXPath" tests="2" failures="0" timestamp="2020-03-04T23:10:57 EET" time="0.130" errors="0">
  <testcase name="FindElementByAbslouteXPath" time="0.040" classname="Selenium.FindingElement.FindElementByXPath"/>
  <system-out/>
  <testcase name="FindElementByRelativeXPath" time="0.090" classname="Selenium.FindingElement.FindElementByXPath"/>
  <system-out/>
</testsuite> <!-- Selenium.FindingElement.FindElementByXPath -->
