<?xml version="1.0" encoding="UTF-8"?>
<!-- Generated by org.testng.reporters.JUnitReportReporter -->
<testsuite skipped="1" hostname="DESKTOP-VRP1FEM" name="Selenium.workingWithElements.CheckboxAndRadioButton$DropdownList" tests="2" failures="0" timestamp="2020-03-05T21:51:41 EET" time="0.038" errors="0">
  <testcase name="TestIsElementPresent" time="0.038" classname="Selenium.workingWithElements.CheckboxAndRadioButton$DropdownList"/>
  <system-out/>
  <testcase name="TestCheckBox" classname="Selenium.workingWithElements.CheckboxAndRadioButton$DropdownList">
    <skipped/>
  </testcase> <!-- TestCheckBox -->
  <system-out/>
</testsuite> <!-- Selenium.workingWithElements.CheckboxAndRadioButton$DropdownList -->
