<?xml version="1.0" encoding="UTF-8"?>
<!-- Generated by org.testng.reporters.JUnitReportReporter -->
<testsuite skipped="0" hostname="DESKTOP-VRP1FEM" name="Selenium.workingWithElements.DragAndDropActions" tests="1" failures="0" timestamp="2020-03-05T23:47:53 EET" time="0.343" errors="0">
  <testcase name="TestDragAndDrop" time="0.343" classname="Selenium.workingWithElements.DragAndDropActions"/>
  <system-out/>
</testsuite> <!-- Selenium.workingWithElements.DragAndDropActions -->
