<?xml version="1.0" encoding="UTF-8"?>
<!-- Generated by org.testng.reporters.JUnitReportReporter -->
<testsuite skipped="0" hostname="DESKTOP-VRP1FEM" name="Selenium.FindingElement.FindElementByTageName" tests="1" failures="0" timestamp="2020-03-04T20:54:11 EET" time="0.130" errors="0">
  <testcase name="FindElementsByTagName" time="0.130" classname="Selenium.FindingElement.FindElementByTageName"/>
  <system-out/>
</testsuite> <!-- Selenium.FindingElement.FindElementByTageName -->
