<?xml version="1.0" encoding="UTF-8"?>
<!-- Generated by org.testng.reporters.JUnitReportReporter -->
<testsuite skipped="0" hostname="DESKTOP-VRP1FEM" name="Selenium.workingWithElements.WebTabels" tests="1" failures="0" timestamp="2020-03-05T21:14:29 EET" time="1.119" errors="0">
  <testcase name="TestWebTable" time="1.119" classname="Selenium.workingWithElements.WebTabels"/>
  <system-out/>
</testsuite> <!-- Selenium.workingWithElements.WebTabels -->
