<?xml version="1.0" encoding="UTF-8"?>
<!-- Generated by org.testng.reporters.JUnitReportReporter -->
<testsuite skipped="0" hostname="DESKTOP-VRP1FEM" name="Selenium.BrowserCommands.TestBrowserCommands" tests="1" failures="0" timestamp="2020-03-06T00:35:17 EET" time="3.633" errors="0">
  <testcase name="testBrowserCommands" time="3.633" classname="Selenium.BrowserCommands.TestBrowserCommands"/>
  <system-out/>
</testsuite> <!-- Selenium.BrowserCommands.TestBrowserCommands -->
