<?xml version="1.0" encoding="UTF-8"?>
<!-- Generated by org.testng.reporters.JUnitReportReporter -->
<testsuite skipped="0" hostname="DESKTOP-VRP1FEM" name="Selenium.FindingElement.FindLinks" tests="2" failures="0" timestamp="2020-03-04T22:31:34 EET" time="0.132" errors="0">
  <testcase name="FindLinksByLinkText" time="0.093" classname="Selenium.FindingElement.FindLinks"/>
  <system-out/>
  <testcase name="FindLinksByPartialLinkText" time="0.039" classname="Selenium.FindingElement.FindLinks"/>
  <system-out/>
</testsuite> <!-- Selenium.FindingElement.FindLinks -->
