<?xml version="1.0" encoding="UTF-8"?>
<!-- Generated by org.testng.reporters.JUnitReportReporter -->
<testsuite skipped="0" hostname="DESKTOP-VRP1FEM" name="Selenium.FindingElement.FindElements" tests="1" failures="0" timestamp="2020-03-04T21:53:13 EET" time="1.188" errors="0">
  <testcase name="FindElementsByTagName" time="1.188" classname="Selenium.FindingElement.FindElements"/>
  <system-out/>
</testsuite> <!-- Selenium.FindingElement.FindElements -->
