<?xml version="1.0" encoding="UTF-8"?>
<!-- Generated by org.testng.reporters.JUnitReportReporter -->
<testsuite skipped="0" hostname="DESKTOP-VRP1FEM" name="Selenium.workingWithElements.DropdownList" tests="1" failures="0" timestamp="2020-03-05T19:52:30 EET" time="0.444" errors="0">
  <testcase name="TestDropdownList" time="0.444" classname="Selenium.workingWithElements.DropdownList"/>
  <system-out/>
</testsuite> <!-- Selenium.workingWithElements.DropdownList -->
