<?xml version="1.0" encoding="UTF-8"?>
<!-- Generated by org.testng.reporters.JUnitReportReporter -->
<testsuite skipped="0" hostname="DESKTOP-VRP1FEM" name="Selenium.workingWithJavascriptAlerts.JavascriptAlerts" tests="2" failures="0" timestamp="2020-03-06T00:24:18 EET" time="0.369" errors="0">
  <testcase name="ConfirmAlert" time="0.242" classname="Selenium.workingWithJavascriptAlerts.JavascriptAlerts"/>
  <system-out/>
  <testcase name="DismissAlert" time="0.127" classname="Selenium.workingWithJavascriptAlerts.JavascriptAlerts"/>
  <system-out/>
</testsuite> <!-- Selenium.workingWithJavascriptAlerts.JavascriptAlerts -->
