<?xml version="1.0" encoding="UTF-8"?>
<!-- Generated by org.testng.reporters.JUnitReportReporter -->
<testsuite skipped="0" hostname="DESKTOP-VRP1FEM" name="Selenium.FindingElement.FindElement" tests="5" failures="0" timestamp="2020-03-04T21:22:29 EET" time="0.410" errors="0">
  <testcase name="FindElementByTagName" time="0.041" classname="Selenium.FindingElement.FindElement"/>
  <system-out/>
  <testcase name="FindElementByClass" time="0.064" classname="Selenium.FindingElement.FindElement"/>
  <system-out/>
  <testcase name="FindElementByName" time="0.097" classname="Selenium.FindingElement.FindElement"/>
  <system-out/>
  <testcase name="FindElementByCssSelector" time="0.102" classname="Selenium.FindingElement.FindElement"/>
  <system-out/>
  <testcase name="FindElementByID" time="0.106" classname="Selenium.FindingElement.FindElement"/>
  <system-out/>
</testsuite> <!-- Selenium.FindingElement.FindElement -->
