<?xml version="1.0" encoding="UTF-8"?>
<!-- Generated by org.testng.reporters.JUnitReportReporter -->
<testsuite skipped="0" hostname="DESKTOP-VRP1FEM" name="Selenium.workingWithElements.DoubleClick" tests="1" failures="0" timestamp="2020-03-05T23:34:43 EET" time="5.216" errors="0">
  <testcase name="TestDoubleClick" time="5.216" classname="Selenium.workingWithElements.DoubleClick"/>
  <system-out/>
</testsuite> <!-- Selenium.workingWithElements.DoubleClick -->
