<?xml version="1.0" encoding="UTF-8"?>
<!-- Generated by org.testng.reporters.JUnitReportReporter -->
<testsuite skipped="0" hostname="DESKTOP-VRP1FEM" name="Selenium.workingWithElements.SubmitMethod" tests="1" failures="0" timestamp="2020-03-05T00:50:31 EET" time="8.554" errors="0">
  <testcase name="TestSubmitMethod" time="8.554" classname="Selenium.workingWithElements.SubmitMethod"/>
  <system-out/>
</testsuite> <!-- Selenium.workingWithElements.SubmitMethod -->
